{"/home/james/repos/code-bin/study/datastructures_algorithms/src/exceptions.ts": {"path":"/home/james/repos/code-bin/study/datastructures_algorithms/src/exceptions.ts","statementMap":{"0":{"start":{"line":3,"column":4},"end":{"line":3,"column":19}},"1":{"start":{"line":4,"column":4},"end":{"line":4,"column":21}},"2":{"start":{"line":5,"column":4},"end":{"line":5,"column":42}},"3":{"start":{"line":1,"column":0},"end":{"line":1,"column":13}},"4":{"start":{"line":11,"column":4},"end":{"line":11,"column":48}},"5":{"start":{"line":9,"column":0},"end":{"line":9,"column":13}},"6":{"start":{"line":17,"column":4},"end":{"line":17,"column":44}},"7":{"start":{"line":15,"column":0},"end":{"line":15,"column":13}},"8":{"start":{"line":23,"column":4},"end":{"line":23,"column":45}},"9":{"start":{"line":21,"column":0},"end":{"line":21,"column":13}},"10":{"start":{"line":29,"column":4},"end":{"line":29,"column":52}},"11":{"start":{"line":27,"column":0},"end":{"line":27,"column":13}}},"fnMap":{"0":{"name":"(anonymous_0)","decl":{"start":{"line":2,"column":2},"end":{"line":2,"column":14}},"loc":{"start":{"line":2,"column":43},"end":{"line":6,"column":3}}},"1":{"name":"(anonymous_1)","decl":{"start":{"line":10,"column":2},"end":{"line":10,"column":14}},"loc":{"start":{"line":10,"column":34},"end":{"line":12,"column":3}}},"2":{"name":"(anonymous_2)","decl":{"start":{"line":16,"column":2},"end":{"line":16,"column":14}},"loc":{"start":{"line":16,"column":34},"end":{"line":18,"column":3}}},"3":{"name":"(anonymous_3)","decl":{"start":{"line":22,"column":2},"end":{"line":22,"column":14}},"loc":{"start":{"line":22,"column":34},"end":{"line":24,"column":3}}},"4":{"name":"(anonymous_4)","decl":{"start":{"line":28,"column":2},"end":{"line":28,"column":14}},"loc":{"start":{"line":28,"column":56},"end":{"line":30,"column":3}}}},"branchMap":{"0":{"loc":{"start":{"line":10,"column":14},"end":{"line":10,"column":34}},"type":"default-arg","locations":[{"start":{"line":10,"column":32},"end":{"line":10,"column":34}}]},"1":{"loc":{"start":{"line":16,"column":14},"end":{"line":16,"column":34}},"type":"default-arg","locations":[{"start":{"line":16,"column":32},"end":{"line":16,"column":34}}]},"2":{"loc":{"start":{"line":22,"column":14},"end":{"line":22,"column":34}},"type":"default-arg","locations":[{"start":{"line":22,"column":32},"end":{"line":22,"column":34}}]},"3":{"loc":{"start":{"line":28,"column":14},"end":{"line":28,"column":56}},"type":"default-arg","locations":[{"start":{"line":28,"column":32},"end":{"line":28,"column":56}}]}},"s":{"0":4,"1":4,"2":4,"3":3,"4":3,"5":3,"6":1,"7":3,"8":0,"9":3,"10":0,"11":3},"f":{"0":4,"1":3,"2":1,"3":0,"4":0},"b":{"0":[0],"1":[1],"2":[0],"3":[0]}}
,"/home/james/repos/code-bin/study/datastructures_algorithms/src/data-structures/List.ts": {"path":"/home/james/repos/code-bin/study/datastructures_algorithms/src/data-structures/List.ts","statementMap":{"0":{"start":{"line":1,"column":0},"end":{"line":1,"column":58}},"1":{"start":{"line":2,"column":0},"end":{"line":2,"column":null}},"2":{"start":{"line":8,"column":4},"end":{"line":10,"column":null}},"3":{"start":{"line":9,"column":6},"end":{"line":9,"column":82}},"4":{"start":{"line":11,"column":4},"end":{"line":11,"column":16}},"5":{"start":{"line":17,"column":4},"end":{"line":17,"column":27}},"6":{"start":{"line":19,"column":17},"end":{"line":19,"column":18}},"7":{"start":{"line":20,"column":28},"end":{"line":20,"column":43}},"8":{"start":{"line":22,"column":4},"end":{"line":30,"column":null}},"9":{"start":{"line":23,"column":6},"end":{"line":23,"column":16}},"10":{"start":{"line":25,"column":6},"end":{"line":27,"column":null}},"11":{"start":{"line":26,"column":8},"end":{"line":26,"column":20}},"12":{"start":{"line":29,"column":6},"end":{"line":29,"column":18}},"13":{"start":{"line":6,"column":0},"end":{"line":6,"column":22}},"14":{"start":{"line":41,"column":4},"end":{"line":41,"column":12}},"15":{"start":{"line":38,"column":10},"end":{"line":38,"column":29}},"16":{"start":{"line":43,"column":4},"end":{"line":45,"column":null}},"17":{"start":{"line":44,"column":6},"end":{"line":44,"column":21}},"18":{"start":{"line":49,"column":4},"end":{"line":49,"column":27}},"19":{"start":{"line":50,"column":4},"end":{"line":50,"column":32}},"20":{"start":{"line":54,"column":4},"end":{"line":56,"column":null}},"21":{"start":{"line":55,"column":6},"end":{"line":55,"column":43}},"22":{"start":{"line":57,"column":29},"end":{"line":57,"column":44}},"23":{"start":{"line":58,"column":4},"end":{"line":58,"column":38}},"24":{"start":{"line":62,"column":4},"end":{"line":62,"column":27}},"25":{"start":{"line":63,"column":4},"end":{"line":63,"column":35}},"26":{"start":{"line":67,"column":25},"end":{"line":67,"column":29}},"27":{"start":{"line":68,"column":4},"end":{"line":68,"column":27}},"28":{"start":{"line":72,"column":4},"end":{"line":72,"column":27}},"29":{"start":{"line":73,"column":4},"end":{"line":73,"column":35}},"30":{"start":{"line":77,"column":4},"end":{"line":77,"column":37}},"31":{"start":{"line":81,"column":4},"end":{"line":81,"column":32}},"32":{"start":{"line":85,"column":16},"end":{"line":85,"column":17}},"33":{"start":{"line":86,"column":17},"end":{"line":86,"column":21}},"34":{"start":{"line":87,"column":21},"end":{"line":87,"column":34}},"35":{"start":{"line":90,"column":4},"end":{"line":109,"column":6}},"36":{"start":{"line":92,"column":8},"end":{"line":94,"column":null}},"37":{"start":{"line":93,"column":10},"end":{"line":93,"column":43}},"38":{"start":{"line":96,"column":24},"end":{"line":96,"column":39}},"39":{"start":{"line":97,"column":8},"end":{"line":97,"column":19}},"40":{"start":{"line":99,"column":8},"end":{"line":99,"column":23}},"41":{"start":{"line":103,"column":8},"end":{"line":103,"column":39}},"42":{"start":{"line":107,"column":8},"end":{"line":107,"column":43}},"43":{"start":{"line":120,"column":4},"end":{"line":120,"column":19}},"44":{"start":{"line":124,"column":4},"end":{"line":126,"column":null}},"45":{"start":{"line":125,"column":6},"end":{"line":125,"column":40}},"46":{"start":{"line":127,"column":20},"end":{"line":127,"column":38}},"47":{"start":{"line":128,"column":4},"end":{"line":128,"column":33}},"48":{"start":{"line":129,"column":4},"end":{"line":129,"column":19}},"49":{"start":{"line":118,"column":0},"end":{"line":118,"column":13}}},"fnMap":{"0":{"name":"(anonymous_0)","decl":{"start":{"line":7,"column":12},"end":{"line":7,"column":22}},"loc":{"start":{"line":7,"column":36},"end":{"line":12,"column":3}}},"1":{"name":"(anonymous_1)","decl":{"start":{"line":16,"column":9},"end":{"line":16,"column":15}},"loc":{"start":{"line":16,"column":29},"end":{"line":31,"column":3}}},"2":{"name":"(anonymous_2)","decl":{"start":{"line":40,"column":2},"end":{"line":40,"column":21}},"loc":{"start":{"line":40,"column":39},"end":{"line":46,"column":3}}},"3":{"name":"(anonymous_3)","decl":{"start":{"line":48,"column":9},"end":{"line":48,"column":12}},"loc":{"start":{"line":48,"column":26},"end":{"line":51,"column":3}}},"4":{"name":"(anonymous_4)","decl":{"start":{"line":53,"column":9},"end":{"line":53,"column":20}},"loc":{"start":{"line":53,"column":20},"end":{"line":59,"column":3}}},"5":{"name":"(anonymous_5)","decl":{"start":{"line":61,"column":9},"end":{"line":61,"column":12}},"loc":{"start":{"line":61,"column":38},"end":{"line":64,"column":3}}},"6":{"name":"(anonymous_6)","decl":{"start":{"line":66,"column":9},"end":{"line":66,"column":12}},"loc":{"start":{"line":66,"column":23},"end":{"line":69,"column":3}}},"7":{"name":"(anonymous_7)","decl":{"start":{"line":71,"column":9},"end":{"line":71,"column":15}},"loc":{"start":{"line":71,"column":29},"end":{"line":74,"column":3}}},"8":{"name":"(anonymous_8)","decl":{"start":{"line":76,"column":9},"end":{"line":76,"column":16}},"loc":{"start":{"line":76,"column":16},"end":{"line":78,"column":3}}},"9":{"name":"(anonymous_9)","decl":{"start":{"line":80,"column":9},"end":{"line":80,"column":13}},"loc":{"start":{"line":80,"column":13},"end":{"line":82,"column":3}}},"10":{"name":"(anonymous_10)","decl":{"start":{"line":84,"column":9},"end":{"line":84,"column":17}},"loc":{"start":{"line":84,"column":17},"end":{"line":110,"column":3}}},"11":{"name":"(anonymous_11)","decl":{"start":{"line":91,"column":6},"end":{"line":91,"column":10}},"loc":{"start":{"line":91,"column":10},"end":{"line":100,"column":7}}},"12":{"name":"(anonymous_12)","decl":{"start":{"line":102,"column":6},"end":{"line":102,"column":13}},"loc":{"start":{"line":102,"column":13},"end":{"line":104,"column":7}}},"13":{"name":"(anonymous_13)","decl":{"start":{"line":106,"column":6},"end":{"line":106,"column":12}},"loc":{"start":{"line":106,"column":12},"end":{"line":108,"column":7}}},"14":{"name":"(anonymous_14)","decl":{"start":{"line":119,"column":9},"end":{"line":119,"column":13}},"loc":{"start":{"line":119,"column":21},"end":{"line":121,"column":3}}},"15":{"name":"(anonymous_15)","decl":{"start":{"line":123,"column":9},"end":{"line":123,"column":12}},"loc":{"start":{"line":123,"column":12},"end":{"line":130,"column":3}}}},"branchMap":{"0":{"loc":{"start":{"line":8,"column":4},"end":{"line":10,"column":null}},"type":"if","locations":[{"start":{"line":8,"column":4},"end":{"line":10,"column":null}}]},"1":{"loc":{"start":{"line":8,"column":8},"end":{"line":8,"column":41}},"type":"binary-expr","locations":[{"start":{"line":8,"column":8},"end":{"line":8,"column":28}},{"start":{"line":8,"column":32},"end":{"line":8,"column":41}}]},"2":{"loc":{"start":{"line":25,"column":6},"end":{"line":27,"column":null}},"type":"if","locations":[{"start":{"line":25,"column":6},"end":{"line":27,"column":null}}]},"3":{"loc":{"start":{"line":43,"column":4},"end":{"line":45,"column":null}},"type":"if","locations":[{"start":{"line":43,"column":4},"end":{"line":45,"column":null}}]},"4":{"loc":{"start":{"line":43,"column":8},"end":{"line":43,"column":44}},"type":"binary-expr","locations":[{"start":{"line":43,"column":8},"end":{"line":43,"column":9}},{"start":{"line":43,"column":13},"end":{"line":43,"column":44}}]},"5":{"loc":{"start":{"line":54,"column":4},"end":{"line":56,"column":null}},"type":"if","locations":[{"start":{"line":54,"column":4},"end":{"line":56,"column":null}}]},"6":{"loc":{"start":{"line":92,"column":8},"end":{"line":94,"column":null}},"type":"if","locations":[{"start":{"line":92,"column":8},"end":{"line":94,"column":null}}]},"7":{"loc":{"start":{"line":124,"column":4},"end":{"line":126,"column":null}},"type":"if","locations":[{"start":{"line":124,"column":4},"end":{"line":126,"column":null}}]}},"s":{"0":3,"1":3,"2":4,"3":3,"4":1,"5":0,"6":0,"7":0,"8":0,"9":0,"10":0,"11":0,"12":0,"13":3,"14":0,"15":0,"16":0,"17":0,"18":0,"19":0,"20":0,"21":0,"22":0,"23":0,"24":0,"25":0,"26":0,"27":0,"28":0,"29":0,"30":0,"31":0,"32":0,"33":0,"34":0,"35":0,"36":0,"37":0,"38":0,"39":0,"40":0,"41":0,"42":0,"43":0,"44":0,"45":0,"46":0,"47":0,"48":0,"49":3},"f":{"0":4,"1":0,"2":0,"3":0,"4":0,"5":0,"6":0,"7":0,"8":0,"9":0,"10":0,"11":0,"12":0,"13":0,"14":0,"15":0},"b":{"0":[3],"1":[4,2],"2":[0],"3":[0],"4":[0,0],"5":[0],"6":[0],"7":[0]}}
,"/home/james/repos/code-bin/study/datastructures_algorithms/src/data-structures/collection.ts": {"path":"/home/james/repos/code-bin/study/datastructures_algorithms/src/data-structures/collection.ts","statementMap":{"0":{"start":{"line":11,"column":2},"end":{"line":13,"column":null}},"1":{"start":{"line":12,"column":4},"end":{"line":12,"column":72}},"2":{"start":{"line":14,"column":2},"end":{"line":14,"column":14}},"3":{"start":{"line":10,"column":0},"end":{"line":10,"column":16}},"4":{"start":{"line":63,"column":4},"end":{"line":63,"column":42}},"5":{"start":{"line":67,"column":4},"end":{"line":69,"column":null}},"6":{"start":{"line":68,"column":6},"end":{"line":68,"column":44}},"7":{"start":{"line":70,"column":4},"end":{"line":70,"column":29}},"8":{"start":{"line":72,"column":4},"end":{"line":74,"column":null}},"9":{"start":{"line":73,"column":6},"end":{"line":73,"column":39}},"10":{"start":{"line":76,"column":28},"end":{"line":76,"column":49}},"11":{"start":{"line":77,"column":4},"end":{"line":79,"column":null}},"12":{"start":{"line":78,"column":6},"end":{"line":78,"column":26}},"13":{"start":{"line":85,"column":28},"end":{"line":85,"column":43}},"14":{"start":{"line":87,"column":4},"end":{"line":90,"column":null}},"15":{"start":{"line":88,"column":6},"end":{"line":88,"column":16}},"16":{"start":{"line":89,"column":6},"end":{"line":89,"column":18}},"17":{"start":{"line":94,"column":4},"end":{"line":94,"column":28}},"18":{"start":{"line":98,"column":30},"end":{"line":98,"column":45}},"19":{"start":{"line":100,"column":4},"end":{"line":105,"column":null}},"20":{"start":{"line":101,"column":6},"end":{"line":104,"column":null}},"21":{"start":{"line":102,"column":8},"end":{"line":102,"column":20}},"22":{"start":{"line":103,"column":8},"end":{"line":103,"column":20}},"23":{"start":{"line":107,"column":4},"end":{"line":107,"column":17}},"24":{"start":{"line":113,"column":26},"end":{"line":113,"column":28}},"25":{"start":{"line":115,"column":28},"end":{"line":115,"column":43}},"26":{"start":{"line":116,"column":4},"end":{"line":118,"column":null}},"27":{"start":{"line":117,"column":6},"end":{"line":117,"column":31}},"28":{"start":{"line":120,"column":4},"end":{"line":120,"column":20}},"29":{"start":{"line":124,"column":28},"end":{"line":124,"column":43}},"30":{"start":{"line":126,"column":4},"end":{"line":139,"column":8}},"31":{"start":{"line":128,"column":21},"end":{"line":128,"column":34}},"32":{"start":{"line":129,"column":8},"end":{"line":129,"column":61}},"33":{"start":{"line":133,"column":8},"end":{"line":133,"column":28}},"34":{"start":{"line":143,"column":4},"end":{"line":145,"column":null}},"35":{"start":{"line":144,"column":6},"end":{"line":144,"column":80}},"36":{"start":{"line":147,"column":24},"end":{"line":147,"column":25}},"37":{"start":{"line":148,"column":28},"end":{"line":148,"column":43}},"38":{"start":{"line":150,"column":4},"end":{"line":155,"column":null}},"39":{"start":{"line":152,"column":6},"end":{"line":154,"column":null}},"40":{"start":{"line":153,"column":8},"end":{"line":153,"column":14}},"41":{"start":{"line":159,"column":4},"end":{"line":159,"column":42}},"42":{"start":{"line":60,"column":0},"end":{"line":60,"column":22}}},"fnMap":{"0":{"name":"isCollection","decl":{"start":{"line":10,"column":16},"end":{"line":10,"column":28}},"loc":{"start":{"line":10,"column":35},"end":{"line":15,"column":1}}},"1":{"name":"(anonymous_1)","decl":{"start":{"line":62,"column":9},"end":{"line":62,"column":12}},"loc":{"start":{"line":62,"column":39},"end":{"line":64,"column":3}}},"2":{"name":"(anonymous_2)","decl":{"start":{"line":66,"column":9},"end":{"line":66,"column":15}},"loc":{"start":{"line":66,"column":58},"end":{"line":80,"column":3}}},"3":{"name":"(anonymous_3)","decl":{"start":{"line":84,"column":9},"end":{"line":84,"column":14}},"loc":{"start":{"line":84,"column":14},"end":{"line":91,"column":3}}},"4":{"name":"(anonymous_4)","decl":{"start":{"line":93,"column":9},"end":{"line":93,"column":16}},"loc":{"start":{"line":93,"column":16},"end":{"line":95,"column":3}}},"5":{"name":"(anonymous_5)","decl":{"start":{"line":97,"column":9},"end":{"line":97,"column":15}},"loc":{"start":{"line":97,"column":27},"end":{"line":108,"column":3}}},"6":{"name":"(anonymous_6)","decl":{"start":{"line":112,"column":9},"end":{"line":112,"column":16}},"loc":{"start":{"line":112,"column":16},"end":{"line":121,"column":3}}},"7":{"name":"(anonymous_7)","decl":{"start":{"line":123,"column":9},"end":{"line":123,"column":10}},"loc":{"start":{"line":123,"column":26},"end":{"line":140,"column":3}}},"8":{"name":"(anonymous_8)","decl":{"start":{"line":127,"column":6},"end":{"line":127,"column":10}},"loc":{"start":{"line":127,"column":10},"end":{"line":130,"column":7}}},"9":{"name":"(anonymous_9)","decl":{"start":{"line":132,"column":6},"end":{"line":132,"column":13}},"loc":{"start":{"line":132,"column":13},"end":{"line":134,"column":7}}},"10":{"name":"(anonymous_10)","decl":{"start":{"line":136,"column":6},"end":{"line":136,"column":12}},"loc":{"start":{"line":136,"column":12},"end":{"line":138,"column":7}}},"11":{"name":"(anonymous_11)","decl":{"start":{"line":142,"column":9},"end":{"line":142,"column":16}},"loc":{"start":{"line":142,"column":64},"end":{"line":156,"column":3}}},"12":{"name":"(anonymous_12)","decl":{"start":{"line":158,"column":9},"end":{"line":158,"column":17}},"loc":{"start":{"line":158,"column":17},"end":{"line":160,"column":3}}}},"branchMap":{"0":{"loc":{"start":{"line":11,"column":2},"end":{"line":13,"column":null}},"type":"if","locations":[{"start":{"line":11,"column":2},"end":{"line":13,"column":null}}]},"1":{"loc":{"start":{"line":67,"column":4},"end":{"line":69,"column":null}},"type":"if","locations":[{"start":{"line":67,"column":4},"end":{"line":69,"column":null}}]},"2":{"loc":{"start":{"line":72,"column":4},"end":{"line":74,"column":null}},"type":"if","locations":[{"start":{"line":72,"column":4},"end":{"line":74,"column":null}}]},"3":{"loc":{"start":{"line":101,"column":6},"end":{"line":104,"column":null}},"type":"if","locations":[{"start":{"line":101,"column":6},"end":{"line":104,"column":null}}]},"4":{"loc":{"start":{"line":129,"column":30},"end":{"line":129,"column":58}},"type":"cond-expr","locations":[{"start":{"line":129,"column":37},"end":{"line":129,"column":46}},{"start":{"line":129,"column":49},"end":{"line":129,"column":58}}]},"5":{"loc":{"start":{"line":143,"column":4},"end":{"line":145,"column":null}},"type":"if","locations":[{"start":{"line":143,"column":4},"end":{"line":145,"column":null}}]},"6":{"loc":{"start":{"line":152,"column":6},"end":{"line":154,"column":null}},"type":"if","locations":[{"start":{"line":152,"column":6},"end":{"line":154,"column":null}}]}},"s":{"0":2,"1":0,"2":2,"3":3,"4":0,"5":1,"6":0,"7":1,"8":1,"9":0,"10":1,"11":1,"12":3,"13":0,"14":0,"15":0,"16":0,"17":0,"18":0,"19":0,"20":0,"21":0,"22":0,"23":0,"24":6,"25":6,"26":6,"27":15,"28":6,"29":0,"30":0,"31":0,"32":0,"33":0,"34":0,"35":0,"36":0,"37":0,"38":0,"39":0,"40":0,"41":0,"42":3},"f":{"0":2,"1":0,"2":1,"3":0,"4":0,"5":0,"6":6,"7":0,"8":0,"9":0,"10":0,"11":0,"12":0},"b":{"0":[0],"1":[0],"2":[0],"3":[0],"4":[0,0],"5":[0],"6":[0]}}
,"/home/james/repos/code-bin/study/datastructures_algorithms/src/data-structures/lists/DoublyLinkedList.ts": {"path":"/home/james/repos/code-bin/study/datastructures_algorithms/src/data-structures/lists/DoublyLinkedList.ts","statementMap":{"0":{"start":{"line":28,"column":4},"end":{"line":28,"column":19}},"1":{"start":{"line":29,"column":4},"end":{"line":29,"column":21}},"2":{"start":{"line":30,"column":4},"end":{"line":30,"column":21}},"3":{"start":{"line":34,"column":20},"end":{"line":34,"column":50}},"4":{"start":{"line":35,"column":4},"end":{"line":35,"column":29}},"5":{"start":{"line":36,"column":4},"end":{"line":38,"column":null}},"6":{"start":{"line":37,"column":6},"end":{"line":37,"column":31}},"7":{"start":{"line":39,"column":4},"end":{"line":39,"column":24}},"8":{"start":{"line":40,"column":4},"end":{"line":42,"column":null}},"9":{"start":{"line":41,"column":6},"end":{"line":41,"column":28}},"10":{"start":{"line":43,"column":4},"end":{"line":43,"column":20}},"11":{"start":{"line":47,"column":20},"end":{"line":47,"column":50}},"12":{"start":{"line":48,"column":21},"end":{"line":48,"column":35}},"13":{"start":{"line":49,"column":4},"end":{"line":54,"column":null}},"14":{"start":{"line":50,"column":6},"end":{"line":50,"column":26}},"15":{"start":{"line":52,"column":6},"end":{"line":52,"column":30}},"16":{"start":{"line":53,"column":6},"end":{"line":53,"column":30}},"17":{"start":{"line":55,"column":4},"end":{"line":55,"column":24}},"18":{"start":{"line":56,"column":4},"end":{"line":56,"column":20}},"19":{"start":{"line":60,"column":4},"end":{"line":87,"column":null}},"20":{"start":{"line":61,"column":6},"end":{"line":63,"column":null}},"21":{"start":{"line":62,"column":8},"end":{"line":62,"column":45}},"22":{"start":{"line":64,"column":6},"end":{"line":67,"column":null}},"23":{"start":{"line":65,"column":8},"end":{"line":65,"column":31}},"24":{"start":{"line":66,"column":8},"end":{"line":66,"column":15}},"25":{"start":{"line":68,"column":6},"end":{"line":71,"column":null}},"26":{"start":{"line":69,"column":8},"end":{"line":69,"column":31}},"27":{"start":{"line":70,"column":8},"end":{"line":70,"column":15}},"28":{"start":{"line":72,"column":22},"end":{"line":72,"column":52}},"29":{"start":{"line":73,"column":23},"end":{"line":73,"column":45}},"30":{"start":{"line":74,"column":6},"end":{"line":76,"column":null}},"31":{"start":{"line":75,"column":8},"end":{"line":75,"column":15}},"32":{"start":{"line":77,"column":23},"end":{"line":77,"column":49}},"33":{"start":{"line":78,"column":6},"end":{"line":81,"column":null}},"34":{"start":{"line":79,"column":8},"end":{"line":79,"column":32}},"35":{"start":{"line":80,"column":8},"end":{"line":80,"column":32}},"36":{"start":{"line":82,"column":6},"end":{"line":82,"column":30}},"37":{"start":{"line":83,"column":6},"end":{"line":83,"column":30}},"38":{"start":{"line":84,"column":6},"end":{"line":84,"column":22}},"39":{"start":{"line":86,"column":6},"end":{"line":86,"column":27}},"40":{"start":{"line":91,"column":4},"end":{"line":91,"column":21}},"41":{"start":{"line":95,"column":4},"end":{"line":97,"column":null}},"42":{"start":{"line":96,"column":6},"end":{"line":96,"column":18}},"43":{"start":{"line":98,"column":4},"end":{"line":98,"column":21}},"44":{"start":{"line":102,"column":4},"end":{"line":104,"column":null}},"45":{"start":{"line":103,"column":6},"end":{"line":103,"column":18}},"46":{"start":{"line":105,"column":19},"end":{"line":105,"column":28}},"47":{"start":{"line":106,"column":4},"end":{"line":108,"column":null}},"48":{"start":{"line":106,"column":17},"end":{"line":106,"column":18}},"49":{"start":{"line":107,"column":6},"end":{"line":107,"column":31}},"50":{"start":{"line":109,"column":4},"end":{"line":109,"column":20}},"51":{"start":{"line":113,"column":4},"end":{"line":115,"column":null}},"52":{"start":{"line":114,"column":6},"end":{"line":114,"column":13}},"53":{"start":{"line":116,"column":4},"end":{"line":121,"column":null}},"54":{"start":{"line":117,"column":6},"end":{"line":117,"column":33}},"55":{"start":{"line":118,"column":6},"end":{"line":118,"column":28}},"56":{"start":{"line":120,"column":6},"end":{"line":120,"column":23}},"57":{"start":{"line":122,"column":4},"end":{"line":122,"column":20}},"58":{"start":{"line":126,"column":4},"end":{"line":128,"column":null}},"59":{"start":{"line":127,"column":6},"end":{"line":127,"column":13}},"60":{"start":{"line":129,"column":4},"end":{"line":131,"column":null}},"61":{"start":{"line":130,"column":6},"end":{"line":130,"column":23}},"62":{"start":{"line":132,"column":4},"end":{"line":135,"column":null}},"63":{"start":{"line":133,"column":6},"end":{"line":133,"column":33}},"64":{"start":{"line":134,"column":6},"end":{"line":134,"column":28}},"65":{"start":{"line":136,"column":4},"end":{"line":136,"column":20}},"66":{"start":{"line":140,"column":4},"end":{"line":142,"column":null}},"67":{"start":{"line":141,"column":6},"end":{"line":141,"column":13}},"68":{"start":{"line":143,"column":4},"end":{"line":146,"column":null}},"69":{"start":{"line":144,"column":6},"end":{"line":144,"column":26}},"70":{"start":{"line":145,"column":6},"end":{"line":145,"column":13}},"71":{"start":{"line":147,"column":4},"end":{"line":150,"column":null}},"72":{"start":{"line":148,"column":6},"end":{"line":148,"column":26}},"73":{"start":{"line":149,"column":6},"end":{"line":149,"column":13}},"74":{"start":{"line":151,"column":21},"end":{"line":151,"column":43}},"75":{"start":{"line":152,"column":21},"end":{"line":152,"column":47}},"76":{"start":{"line":153,"column":4},"end":{"line":155,"column":null}},"77":{"start":{"line":154,"column":6},"end":{"line":154,"column":13}},"78":{"start":{"line":156,"column":4},"end":{"line":158,"column":null}},"79":{"start":{"line":157,"column":6},"end":{"line":157,"column":36}},"80":{"start":{"line":159,"column":4},"end":{"line":161,"column":null}},"81":{"start":{"line":160,"column":6},"end":{"line":160,"column":36}},"82":{"start":{"line":163,"column":4},"end":{"line":163,"column":20}},"83":{"start":{"line":167,"column":4},"end":{"line":167,"column":22}},"84":{"start":{"line":20,"column":0},"end":{"line":20,"column":21}},"85":{"start":{"line":171,"column":17},"end":{"line":183,"column":4}},"86":{"start":{"line":179,"column":6},"end":{"line":179,"column":21}},"87":{"start":{"line":180,"column":6},"end":{"line":180,"column":23}},"88":{"start":{"line":181,"column":6},"end":{"line":181,"column":23}}},"fnMap":{"0":{"name":"(anonymous_0)","decl":{"start":{"line":27,"column":2},"end":{"line":27,"column":null}},"loc":{"start":{"line":27,"column":2},"end":{"line":31,"column":3}}},"1":{"name":"(anonymous_1)","decl":{"start":{"line":33,"column":2},"end":{"line":33,"column":14}},"loc":{"start":{"line":33,"column":21},"end":{"line":44,"column":3}}},"2":{"name":"(anonymous_2)","decl":{"start":{"line":46,"column":2},"end":{"line":46,"column":14}},"loc":{"start":{"line":46,"column":21},"end":{"line":57,"column":3}}},"3":{"name":"(anonymous_3)","decl":{"start":{"line":59,"column":2},"end":{"line":59,"column":15}},"loc":{"start":{"line":59,"column":37},"end":{"line":88,"column":3}}},"4":{"name":"(anonymous_4)","decl":{"start":{"line":90,"column":2},"end":{"line":90,"column":9}},"loc":{"start":{"line":90,"column":9},"end":{"line":92,"column":3}}},"5":{"name":"(anonymous_5)","decl":{"start":{"line":94,"column":2},"end":{"line":94,"column":9}},"loc":{"start":{"line":94,"column":9},"end":{"line":99,"column":3}}},"6":{"name":"(anonymous_6)","decl":{"start":{"line":101,"column":2},"end":{"line":101,"column":12}},"loc":{"start":{"line":101,"column":26},"end":{"line":110,"column":3}}},"7":{"name":"(anonymous_7)","decl":{"start":{"line":112,"column":2},"end":{"line":112,"column":14}},"loc":{"start":{"line":112,"column":14},"end":{"line":123,"column":3}}},"8":{"name":"(anonymous_8)","decl":{"start":{"line":125,"column":2},"end":{"line":125,"column":14}},"loc":{"start":{"line":125,"column":14},"end":{"line":137,"column":3}}},"9":{"name":"(anonymous_9)","decl":{"start":{"line":139,"column":2},"end":{"line":139,"column":15}},"loc":{"start":{"line":139,"column":29},"end":{"line":164,"column":3}}},"10":{"name":"(anonymous_10)","decl":{"start":{"line":166,"column":2},"end":{"line":166,"column":6}},"loc":{"start":{"line":166,"column":6},"end":{"line":168,"column":3}}},"11":{"name":"(anonymous_11)","decl":{"start":{"line":178,"column":4},"end":{"line":178,"column":23}},"loc":{"start":{"line":178,"column":29},"end":{"line":182,"column":5}}}},"branchMap":{"0":{"loc":{"start":{"line":36,"column":4},"end":{"line":38,"column":null}},"type":"if","locations":[{"start":{"line":36,"column":4},"end":{"line":38,"column":null}}]},"1":{"loc":{"start":{"line":40,"column":4},"end":{"line":42,"column":null}},"type":"if","locations":[{"start":{"line":40,"column":4},"end":{"line":42,"column":null}}]},"2":{"loc":{"start":{"line":49,"column":4},"end":{"line":54,"column":null}},"type":"if","locations":[{"start":{"line":49,"column":4},"end":{"line":54,"column":null}},{"start":{"line":51,"column":11},"end":{"line":54,"column":null}}]},"3":{"loc":{"start":{"line":61,"column":6},"end":{"line":63,"column":null}},"type":"if","locations":[{"start":{"line":61,"column":6},"end":{"line":63,"column":null}}]},"4":{"loc":{"start":{"line":61,"column":10},"end":{"line":61,"column":41}},"type":"binary-expr","locations":[{"start":{"line":61,"column":10},"end":{"line":61,"column":28}},{"start":{"line":61,"column":32},"end":{"line":61,"column":41}}]},"5":{"loc":{"start":{"line":64,"column":6},"end":{"line":67,"column":null}},"type":"if","locations":[{"start":{"line":64,"column":6},"end":{"line":67,"column":null}}]},"6":{"loc":{"start":{"line":68,"column":6},"end":{"line":71,"column":null}},"type":"if","locations":[{"start":{"line":68,"column":6},"end":{"line":71,"column":null}}]},"7":{"loc":{"start":{"line":74,"column":6},"end":{"line":76,"column":null}},"type":"if","locations":[{"start":{"line":74,"column":6},"end":{"line":76,"column":null}}]},"8":{"loc":{"start":{"line":78,"column":6},"end":{"line":81,"column":null}},"type":"if","locations":[{"start":{"line":78,"column":6},"end":{"line":81,"column":null}}]},"9":{"loc":{"start":{"line":95,"column":4},"end":{"line":97,"column":null}},"type":"if","locations":[{"start":{"line":95,"column":4},"end":{"line":97,"column":null}}]},"10":{"loc":{"start":{"line":102,"column":4},"end":{"line":104,"column":null}},"type":"if","locations":[{"start":{"line":102,"column":4},"end":{"line":104,"column":null}}]},"11":{"loc":{"start":{"line":102,"column":8},"end":{"line":102,"column":39}},"type":"binary-expr","locations":[{"start":{"line":102,"column":8},"end":{"line":102,"column":26}},{"start":{"line":102,"column":30},"end":{"line":102,"column":39}}]},"12":{"loc":{"start":{"line":106,"column":20},"end":{"line":106,"column":41}},"type":"binary-expr","locations":[{"start":{"line":106,"column":20},"end":{"line":106,"column":29}},{"start":{"line":106,"column":33},"end":{"line":106,"column":41}}]},"13":{"loc":{"start":{"line":113,"column":4},"end":{"line":115,"column":null}},"type":"if","locations":[{"start":{"line":113,"column":4},"end":{"line":115,"column":null}}]},"14":{"loc":{"start":{"line":116,"column":4},"end":{"line":121,"column":null}},"type":"if","locations":[{"start":{"line":116,"column":4},"end":{"line":121,"column":null}},{"start":{"line":119,"column":11},"end":{"line":121,"column":null}}]},"15":{"loc":{"start":{"line":126,"column":4},"end":{"line":128,"column":null}},"type":"if","locations":[{"start":{"line":126,"column":4},"end":{"line":128,"column":null}}]},"16":{"loc":{"start":{"line":126,"column":8},"end":{"line":126,"column":32}},"type":"binary-expr","locations":[{"start":{"line":126,"column":8},"end":{"line":126,"column":18}},{"start":{"line":126,"column":22},"end":{"line":126,"column":32}}]},"17":{"loc":{"start":{"line":129,"column":4},"end":{"line":131,"column":null}},"type":"if","locations":[{"start":{"line":129,"column":4},"end":{"line":131,"column":null}}]},"18":{"loc":{"start":{"line":132,"column":4},"end":{"line":135,"column":null}},"type":"if","locations":[{"start":{"line":132,"column":4},"end":{"line":135,"column":null}}]},"19":{"loc":{"start":{"line":132,"column":8},"end":{"line":132,"column":35}},"type":"binary-expr","locations":[{"start":{"line":132,"column":8},"end":{"line":132,"column":17}},{"start":{"line":132,"column":21},"end":{"line":132,"column":35}}]},"20":{"loc":{"start":{"line":140,"column":4},"end":{"line":142,"column":null}},"type":"if","locations":[{"start":{"line":140,"column":4},"end":{"line":142,"column":null}}]},"21":{"loc":{"start":{"line":140,"column":8},"end":{"line":140,"column":39}},"type":"binary-expr","locations":[{"start":{"line":140,"column":8},"end":{"line":140,"column":26}},{"start":{"line":140,"column":30},"end":{"line":140,"column":39}}]},"22":{"loc":{"start":{"line":143,"column":4},"end":{"line":146,"column":null}},"type":"if","locations":[{"start":{"line":143,"column":4},"end":{"line":146,"column":null}}]},"23":{"loc":{"start":{"line":147,"column":4},"end":{"line":150,"column":null}},"type":"if","locations":[{"start":{"line":147,"column":4},"end":{"line":150,"column":null}}]},"24":{"loc":{"start":{"line":153,"column":4},"end":{"line":155,"column":null}},"type":"if","locations":[{"start":{"line":153,"column":4},"end":{"line":155,"column":null}}]},"25":{"loc":{"start":{"line":156,"column":4},"end":{"line":158,"column":null}},"type":"if","locations":[{"start":{"line":156,"column":4},"end":{"line":158,"column":null}}]},"26":{"loc":{"start":{"line":159,"column":4},"end":{"line":161,"column":null}},"type":"if","locations":[{"start":{"line":159,"column":4},"end":{"line":161,"column":null}}]}},"s":{"0":0,"1":0,"2":0,"3":0,"4":0,"5":0,"6":0,"7":0,"8":0,"9":0,"10":0,"11":0,"12":0,"13":0,"14":0,"15":0,"16":0,"17":0,"18":0,"19":0,"20":0,"21":0,"22":0,"23":0,"24":0,"25":0,"26":0,"27":0,"28":0,"29":0,"30":0,"31":0,"32":0,"33":0,"34":0,"35":0,"36":0,"37":0,"38":0,"39":0,"40":0,"41":0,"42":0,"43":0,"44":0,"45":0,"46":0,"47":0,"48":0,"49":0,"50":0,"51":0,"52":0,"53":0,"54":0,"55":0,"56":0,"57":0,"58":0,"59":0,"60":0,"61":0,"62":0,"63":0,"64":0,"65":0,"66":0,"67":0,"68":0,"69":0,"70":0,"71":0,"72":0,"73":0,"74":0,"75":0,"76":0,"77":0,"78":0,"79":0,"80":0,"81":0,"82":0,"83":0,"84":0,"85":0,"86":0,"87":0,"88":0},"f":{"0":0,"1":0,"2":0,"3":0,"4":0,"5":0,"6":0,"7":0,"8":0,"9":0,"10":0,"11":0},"b":{"0":[0],"1":[0],"2":[0,0],"3":[0],"4":[0,0],"5":[0],"6":[0],"7":[0],"8":[0],"9":[0],"10":[0],"11":[0,0],"12":[0,0],"13":[0],"14":[0,0],"15":[0],"16":[0,0],"17":[0],"18":[0],"19":[0,0],"20":[0],"21":[0,0],"22":[0],"23":[0],"24":[0],"25":[0],"26":[0]}}
,"/home/james/repos/code-bin/study/datastructures_algorithms/src/data-structures/lists/LinkedList.ts": {"path":"/home/james/repos/code-bin/study/datastructures_algorithms/src/data-structures/lists/LinkedList.ts","statementMap":{"0":{"start":{"line":1,"column":0},"end":{"line":1,"column":47}},"1":{"start":{"line":2,"column":0},"end":{"line":2,"column":101}},"2":{"start":{"line":3,"column":0},"end":{"line":3,"column":112}},"3":{"start":{"line":16,"column":4},"end":{"line":16,"column":12}},"4":{"start":{"line":13,"column":9},"end":{"line":13,"column":28}},"5":{"start":{"line":17,"column":4},"end":{"line":19,"column":null}},"6":{"start":{"line":18,"column":6},"end":{"line":18,"column":26}},"7":{"start":{"line":20,"column":4},"end":{"line":22,"column":null}},"8":{"start":{"line":21,"column":6},"end":{"line":21,"column":21}},"9":{"start":{"line":25,"column":4},"end":{"line":25,"column":24}},"10":{"start":{"line":28,"column":4},"end":{"line":28,"column":46}},"11":{"start":{"line":31,"column":4},"end":{"line":31,"column":46}},"12":{"start":{"line":34,"column":17},"end":{"line":34,"column":21}},"13":{"start":{"line":35,"column":16},"end":{"line":35,"column":17}},"14":{"start":{"line":38,"column":6},"end":{"line":41,"column":null}},"15":{"start":{"line":39,"column":8},"end":{"line":39,"column":35}},"16":{"start":{"line":40,"column":8},"end":{"line":40,"column":16}},"17":{"start":{"line":46,"column":4},"end":{"line":70,"column":6}},"18":{"start":{"line":52,"column":8},"end":{"line":52,"column":30}},"19":{"start":{"line":53,"column":8},"end":{"line":53,"column":38}},"20":{"start":{"line":57,"column":25},"end":{"line":57,"column":43}},"21":{"start":{"line":58,"column":8},"end":{"line":58,"column":38}},"22":{"start":{"line":59,"column":8},"end":{"line":59,"column":21}},"23":{"start":{"line":63,"column":8},"end":{"line":63,"column":34}},"24":{"start":{"line":67,"column":8},"end":{"line":67,"column":50}},"25":{"start":{"line":73,"column":4},"end":{"line":73,"column":32}},"26":{"start":{"line":12,"column":0},"end":{"line":12,"column":13}},"27":{"start":{"line":87,"column":4},"end":{"line":87,"column":12}},"28":{"start":{"line":88,"column":4},"end":{"line":88,"column":21}},"29":{"start":{"line":89,"column":4},"end":{"line":89,"column":21}},"30":{"start":{"line":90,"column":4},"end":{"line":90,"column":20}},"31":{"start":{"line":91,"column":4},"end":{"line":93,"column":null}},"32":{"start":{"line":92,"column":6},"end":{"line":92,"column":30}},"33":{"start":{"line":97,"column":4},"end":{"line":97,"column":46}},"34":{"start":{"line":104,"column":4},"end":{"line":106,"column":null}},"35":{"start":{"line":105,"column":6},"end":{"line":105,"column":40}},"36":{"start":{"line":107,"column":4},"end":{"line":107,"column":25}},"37":{"start":{"line":111,"column":4},"end":{"line":111,"column":46}},"38":{"start":{"line":115,"column":4},"end":{"line":115,"column":null}},"39":{"start":{"line":119,"column":4},"end":{"line":119,"column":46}},"40":{"start":{"line":123,"column":21},"end":{"line":123,"column":30}},"41":{"start":{"line":124,"column":4},"end":{"line":126,"column":null}},"42":{"start":{"line":125,"column":6},"end":{"line":125,"column":41}},"43":{"start":{"line":127,"column":4},"end":{"line":132,"column":null}},"44":{"start":{"line":128,"column":6},"end":{"line":128,"column":23}},"45":{"start":{"line":129,"column":6},"end":{"line":129,"column":23}},"46":{"start":{"line":131,"column":6},"end":{"line":131,"column":32}},"47":{"start":{"line":133,"column":4},"end":{"line":133,"column":21}},"48":{"start":{"line":137,"column":4},"end":{"line":139,"column":null}},"49":{"start":{"line":138,"column":6},"end":{"line":138,"column":41}},"50":{"start":{"line":140,"column":4},"end":{"line":140,"column":31}},"51":{"start":{"line":144,"column":4},"end":{"line":146,"column":null}},"52":{"start":{"line":145,"column":6},"end":{"line":145,"column":41}},"53":{"start":{"line":147,"column":4},"end":{"line":147,"column":31}},"54":{"start":{"line":151,"column":4},"end":{"line":153,"column":null}},"55":{"start":{"line":152,"column":6},"end":{"line":152,"column":41}},"56":{"start":{"line":154,"column":19},"end":{"line":154,"column":28}},"57":{"start":{"line":155,"column":19},"end":{"line":155,"column":27}},"58":{"start":{"line":157,"column":4},"end":{"line":160,"column":null}},"59":{"start":{"line":158,"column":6},"end":{"line":158,"column":26}},"60":{"start":{"line":159,"column":6},"end":{"line":159,"column":31}},"61":{"start":{"line":161,"column":4},"end":{"line":163,"column":null}},"62":{"start":{"line":162,"column":6},"end":{"line":162,"column":36}},"63":{"start":{"line":164,"column":4},"end":{"line":167,"column":null}},"64":{"start":{"line":165,"column":6},"end":{"line":165,"column":27}},"65":{"start":{"line":166,"column":6},"end":{"line":166,"column":27}},"66":{"start":{"line":168,"column":4},"end":{"line":170,"column":null}},"67":{"start":{"line":169,"column":6},"end":{"line":169,"column":32}},"68":{"start":{"line":171,"column":4},"end":{"line":171,"column":21}},"69":{"start":{"line":175,"column":4},"end":{"line":175,"column":21}},"70":{"start":{"line":176,"column":4},"end":{"line":176,"column":21}},"71":{"start":{"line":177,"column":4},"end":{"line":177,"column":20}},"72":{"start":{"line":184,"column":4},"end":{"line":184,"column":46}},"73":{"start":{"line":188,"column":4},"end":{"line":188,"column":27}},"74":{"start":{"line":189,"column":19},"end":{"line":189,"column":28}},"75":{"start":{"line":190,"column":4},"end":{"line":192,"column":null}},"76":{"start":{"line":191,"column":6},"end":{"line":191,"column":40}},"77":{"start":{"line":193,"column":4},"end":{"line":195,"column":null}},"78":{"start":{"line":193,"column":16},"end":{"line":193,"column":17}},"79":{"start":{"line":194,"column":6},"end":{"line":194,"column":31}},"80":{"start":{"line":196,"column":4},"end":{"line":196,"column":24}},"81":{"start":{"line":200,"column":20},"end":{"line":200,"column":48}},"82":{"start":{"line":201,"column":4},"end":{"line":201,"column":29}},"83":{"start":{"line":202,"column":4},"end":{"line":202,"column":24}},"84":{"start":{"line":203,"column":4},"end":{"line":205,"column":null}},"85":{"start":{"line":204,"column":6},"end":{"line":204,"column":26}},"86":{"start":{"line":206,"column":4},"end":{"line":206,"column":21}},"87":{"start":{"line":210,"column":20},"end":{"line":210,"column":48}},"88":{"start":{"line":211,"column":4},"end":{"line":216,"column":null}},"89":{"start":{"line":212,"column":6},"end":{"line":212,"column":29}},"90":{"start":{"line":214,"column":6},"end":{"line":214,"column":31}},"91":{"start":{"line":215,"column":6},"end":{"line":215,"column":26}},"92":{"start":{"line":217,"column":4},"end":{"line":217,"column":21}},"93":{"start":{"line":221,"column":4},"end":{"line":221,"column":38}},"94":{"start":{"line":221,"column":15},"end":{"line":221,"column":38}},"95":{"start":{"line":222,"column":4},"end":{"line":225,"column":null}},"96":{"start":{"line":223,"column":6},"end":{"line":223,"column":29}},"97":{"start":{"line":224,"column":6},"end":{"line":224,"column":13}},"98":{"start":{"line":226,"column":4},"end":{"line":229,"column":null}},"99":{"start":{"line":227,"column":6},"end":{"line":227,"column":28}},"100":{"start":{"line":228,"column":6},"end":{"line":228,"column":13}},"101":{"start":{"line":230,"column":35},"end":{"line":230,"column":44}},"102":{"start":{"line":231,"column":35},"end":{"line":231,"column":43}},"103":{"start":{"line":232,"column":20},"end":{"line":232,"column":48}},"104":{"start":{"line":233,"column":4},"end":{"line":243,"column":null}},"105":{"start":{"line":234,"column":19},"end":{"line":234,"column":20}},"106":{"start":{"line":235,"column":6},"end":{"line":242,"column":null}},"107":{"start":{"line":236,"column":8},"end":{"line":236,"column":33}},"108":{"start":{"line":237,"column":8},"end":{"line":239,"column":null}},"109":{"start":{"line":238,"column":10},"end":{"line":238,"column":16}},"110":{"start":{"line":240,"column":8},"end":{"line":240,"column":28}},"111":{"start":{"line":241,"column":8},"end":{"line":241,"column":20}},"112":{"start":{"line":244,"column":4},"end":{"line":244,"column":28}},"113":{"start":{"line":245,"column":4},"end":{"line":247,"column":null}},"114":{"start":{"line":246,"column":6},"end":{"line":246,"column":30}},"115":{"start":{"line":248,"column":4},"end":{"line":248,"column":21}},"116":{"start":{"line":252,"column":17},"end":{"line":252,"column":26}},"117":{"start":{"line":253,"column":17},"end":{"line":253,"column":21}},"118":{"start":{"line":256,"column":36},"end":{"line":256,"column":40}},"119":{"start":{"line":257,"column":6},"end":{"line":260,"column":null}},"120":{"start":{"line":258,"column":8},"end":{"line":258,"column":22}},"121":{"start":{"line":259,"column":8},"end":{"line":259,"column":31}},"122":{"start":{"line":264,"column":4},"end":{"line":288,"column":6}},"123":{"start":{"line":270,"column":8},"end":{"line":270,"column":30}},"124":{"start":{"line":271,"column":8},"end":{"line":271,"column":38}},"125":{"start":{"line":275,"column":25},"end":{"line":275,"column":47}},"126":{"start":{"line":276,"column":8},"end":{"line":276,"column":38}},"127":{"start":{"line":277,"column":8},"end":{"line":277,"column":21}},"128":{"start":{"line":281,"column":8},"end":{"line":281,"column":34}},"129":{"start":{"line":286,"column":8},"end":{"line":286,"column":44}},"130":{"start":{"line":315,"column":4},"end":{"line":315,"column":23}},"131":{"start":{"line":78,"column":0},"end":{"line":78,"column":13}},"132":{"start":{"line":292,"column":16},"end":{"line":312,"column":4}},"133":{"start":{"line":300,"column":6},"end":{"line":300,"column":21}},"134":{"start":{"line":301,"column":6},"end":{"line":301,"column":23}},"135":{"start":{"line":302,"column":6},"end":{"line":302,"column":23}},"136":{"start":{"line":306,"column":6},"end":{"line":306,"column":20}},"137":{"start":{"line":310,"column":6},"end":{"line":310,"column":20}},"138":{"start":{"line":355,"column":4},"end":{"line":355,"column":12}},"139":{"start":{"line":356,"column":4},"end":{"line":356,"column":21}},"140":{"start":{"line":321,"column":4},"end":{"line":321,"column":46}},"141":{"start":{"line":325,"column":4},"end":{"line":325,"column":46}},"142":{"start":{"line":329,"column":4},"end":{"line":329,"column":46}},"143":{"start":{"line":333,"column":4},"end":{"line":333,"column":46}},"144":{"start":{"line":337,"column":4},"end":{"line":337,"column":46}},"145":{"start":{"line":341,"column":4},"end":{"line":341,"column":46}},"146":{"start":{"line":345,"column":4},"end":{"line":345,"column":46}},"147":{"start":{"line":349,"column":4},"end":{"line":349,"column":46}},"148":{"start":{"line":360,"column":20},"end":{"line":360,"column":48}},"149":{"start":{"line":361,"column":4},"end":{"line":361,"column":29}},"150":{"start":{"line":362,"column":4},"end":{"line":364,"column":null}},"151":{"start":{"line":363,"column":6},"end":{"line":363,"column":31}},"152":{"start":{"line":365,"column":4},"end":{"line":365,"column":24}},"153":{"start":{"line":366,"column":4},"end":{"line":368,"column":null}},"154":{"start":{"line":367,"column":6},"end":{"line":367,"column":26}},"155":{"start":{"line":369,"column":4},"end":{"line":369,"column":21}},"156":{"start":{"line":373,"column":20},"end":{"line":373,"column":48}},"157":{"start":{"line":374,"column":4},"end":{"line":380,"column":null}},"158":{"start":{"line":375,"column":6},"end":{"line":375,"column":29}},"159":{"start":{"line":377,"column":6},"end":{"line":377,"column":31}},"160":{"start":{"line":378,"column":6},"end":{"line":378,"column":31}},"161":{"start":{"line":379,"column":6},"end":{"line":379,"column":26}},"162":{"start":{"line":381,"column":4},"end":{"line":381,"column":21}},"163":{"start":{"line":385,"column":4},"end":{"line":385,"column":38}},"164":{"start":{"line":385,"column":15},"end":{"line":385,"column":38}},"165":{"start":{"line":386,"column":4},"end":{"line":389,"column":null}},"166":{"start":{"line":387,"column":6},"end":{"line":387,"column":29}},"167":{"start":{"line":388,"column":6},"end":{"line":388,"column":13}},"168":{"start":{"line":390,"column":4},"end":{"line":393,"column":null}},"169":{"start":{"line":391,"column":6},"end":{"line":391,"column":28}},"170":{"start":{"line":392,"column":6},"end":{"line":392,"column":13}},"171":{"start":{"line":394,"column":19},"end":{"line":394,"column":28}},"172":{"start":{"line":395,"column":19},"end":{"line":395,"column":27}},"173":{"start":{"line":396,"column":20},"end":{"line":396,"column":48}},"174":{"start":{"line":397,"column":4},"end":{"line":407,"column":null}},"175":{"start":{"line":398,"column":19},"end":{"line":398,"column":20}},"176":{"start":{"line":399,"column":6},"end":{"line":406,"column":null}},"177":{"start":{"line":400,"column":8},"end":{"line":400,"column":34}},"178":{"start":{"line":401,"column":8},"end":{"line":403,"column":null}},"179":{"start":{"line":402,"column":10},"end":{"line":402,"column":16}},"180":{"start":{"line":404,"column":8},"end":{"line":404,"column":28}},"181":{"start":{"line":405,"column":8},"end":{"line":405,"column":20}},"182":{"start":{"line":408,"column":4},"end":{"line":408,"column":28}},"183":{"start":{"line":409,"column":4},"end":{"line":409,"column":28}},"184":{"start":{"line":410,"column":4},"end":{"line":410,"column":28}},"185":{"start":{"line":411,"column":4},"end":{"line":411,"column":28}},"186":{"start":{"line":412,"column":4},"end":{"line":412,"column":21}},"187":{"start":{"line":319,"column":0},"end":{"line":319,"column":13}}},"fnMap":{"0":{"name":"(anonymous_0)","decl":{"start":{"line":15,"column":2},"end":{"line":15,"column":14}},"loc":{"start":{"line":15,"column":20},"end":{"line":23,"column":3}}},"1":{"name":"(anonymous_1)","decl":{"start":{"line":24,"column":9},"end":{"line":24,"column":20}},"loc":{"start":{"line":24,"column":29},"end":{"line":26,"column":3}}},"2":{"name":"(anonymous_2)","decl":{"start":{"line":27,"column":9},"end":{"line":27,"column":12}},"loc":{"start":{"line":27,"column":26},"end":{"line":29,"column":3}}},"3":{"name":"(anonymous_3)","decl":{"start":{"line":30,"column":9},"end":{"line":30,"column":12}},"loc":{"start":{"line":30,"column":38},"end":{"line":32,"column":3}}},"4":{"name":"(anonymous_4)","decl":{"start":{"line":33,"column":9},"end":{"line":33,"column":17}},"loc":{"start":{"line":33,"column":17},"end":{"line":71,"column":3}}},"5":{"name":"generator","decl":{"start":{"line":37,"column":14},"end":{"line":37,"column":23}},"loc":{"start":{"line":37,"column":23},"end":{"line":43,"column":5}}},"6":{"name":"(anonymous_6)","decl":{"start":{"line":51,"column":6},"end":{"line":51,"column":null}},"loc":{"start":{"line":51,"column":6},"end":{"line":54,"column":7}}},"7":{"name":"(anonymous_7)","decl":{"start":{"line":56,"column":6},"end":{"line":56,"column":10}},"loc":{"start":{"line":56,"column":10},"end":{"line":60,"column":7}}},"8":{"name":"(anonymous_8)","decl":{"start":{"line":62,"column":6},"end":{"line":62,"column":13}},"loc":{"start":{"line":62,"column":13},"end":{"line":64,"column":7}}},"9":{"name":"(anonymous_9)","decl":{"start":{"line":66,"column":6},"end":{"line":66,"column":12}},"loc":{"start":{"line":66,"column":12},"end":{"line":69,"column":7}}},"10":{"name":"(anonymous_10)","decl":{"start":{"line":72,"column":9},"end":{"line":72,"column":13}},"loc":{"start":{"line":72,"column":13},"end":{"line":74,"column":3}}},"11":{"name":"(anonymous_11)","decl":{"start":{"line":86,"column":2},"end":{"line":86,"column":14}},"loc":{"start":{"line":86,"column":41},"end":{"line":94,"column":3}}},"12":{"name":"(anonymous_12)","decl":{"start":{"line":96,"column":9},"end":{"line":96,"column":12}},"loc":{"start":{"line":96,"column":38},"end":{"line":98,"column":3}}},"13":{"name":"(anonymous_13)","decl":{"start":{"line":103,"column":2},"end":{"line":103,"column":10}},"loc":{"start":{"line":103,"column":10},"end":{"line":108,"column":3}}},"14":{"name":"(anonymous_14)","decl":{"start":{"line":110,"column":2},"end":{"line":110,"column":9}},"loc":{"start":{"line":110,"column":9},"end":{"line":112,"column":3}}},"15":{"name":"(anonymous_15)","decl":{"start":{"line":114,"column":2},"end":{"line":114,"column":5}},"loc":{"start":{"line":114,"column":5},"end":{"line":116,"column":3}}},"16":{"name":"(anonymous_16)","decl":{"start":{"line":118,"column":2},"end":{"line":118,"column":6}},"loc":{"start":{"line":118,"column":17},"end":{"line":120,"column":3}}},"17":{"name":"(anonymous_17)","decl":{"start":{"line":122,"column":2},"end":{"line":122,"column":13}},"loc":{"start":{"line":122,"column":13},"end":{"line":134,"column":3}}},"18":{"name":"(anonymous_18)","decl":{"start":{"line":136,"column":2},"end":{"line":136,"column":12}},"loc":{"start":{"line":136,"column":12},"end":{"line":141,"column":3}}},"19":{"name":"(anonymous_19)","decl":{"start":{"line":143,"column":10},"end":{"line":143,"column":24}},"loc":{"start":{"line":143,"column":24},"end":{"line":148,"column":3}}},"20":{"name":"(anonymous_20)","decl":{"start":{"line":150,"column":10},"end":{"line":150,"column":20}},"loc":{"start":{"line":150,"column":40},"end":{"line":172,"column":3}}},"21":{"name":"(anonymous_21)","decl":{"start":{"line":174,"column":2},"end":{"line":174,"column":7}},"loc":{"start":{"line":174,"column":7},"end":{"line":178,"column":3}}},"22":{"name":"(anonymous_22)","decl":{"start":{"line":183,"column":2},"end":{"line":183,"column":6}},"loc":{"start":{"line":183,"column":6},"end":{"line":185,"column":3}}},"23":{"name":"(anonymous_23)","decl":{"start":{"line":187,"column":2},"end":{"line":187,"column":5}},"loc":{"start":{"line":187,"column":19},"end":{"line":197,"column":3}}},"24":{"name":"(anonymous_24)","decl":{"start":{"line":199,"column":9},"end":{"line":199,"column":17}},"loc":{"start":{"line":199,"column":28},"end":{"line":207,"column":3}}},"25":{"name":"(anonymous_25)","decl":{"start":{"line":209,"column":9},"end":{"line":209,"column":16}},"loc":{"start":{"line":209,"column":27},"end":{"line":218,"column":3}}},"26":{"name":"(anonymous_26)","decl":{"start":{"line":220,"column":9},"end":{"line":220,"column":12}},"loc":{"start":{"line":220,"column":39},"end":{"line":249,"column":3}}},"27":{"name":"(anonymous_27)","decl":{"start":{"line":251,"column":9},"end":{"line":251,"column":17}},"loc":{"start":{"line":251,"column":17},"end":{"line":289,"column":3}}},"28":{"name":"generator","decl":{"start":{"line":255,"column":14},"end":{"line":255,"column":23}},"loc":{"start":{"line":255,"column":23},"end":{"line":261,"column":5}}},"29":{"name":"(anonymous_29)","decl":{"start":{"line":269,"column":6},"end":{"line":269,"column":null}},"loc":{"start":{"line":269,"column":6},"end":{"line":272,"column":7}}},"30":{"name":"(anonymous_30)","decl":{"start":{"line":274,"column":6},"end":{"line":274,"column":10}},"loc":{"start":{"line":274,"column":10},"end":{"line":278,"column":7}}},"31":{"name":"(anonymous_31)","decl":{"start":{"line":280,"column":6},"end":{"line":280,"column":13}},"loc":{"start":{"line":280,"column":13},"end":{"line":282,"column":7}}},"32":{"name":"(anonymous_32)","decl":{"start":{"line":284,"column":6},"end":{"line":284,"column":12}},"loc":{"start":{"line":284,"column":12},"end":{"line":287,"column":7}}},"33":{"name":"(anonymous_33)","decl":{"start":{"line":314,"column":9},"end":{"line":314,"column":13}},"loc":{"start":{"line":314,"column":13},"end":{"line":316,"column":3}}},"34":{"name":"(anonymous_34)","decl":{"start":{"line":299,"column":4},"end":{"line":299,"column":23}},"loc":{"start":{"line":299,"column":29},"end":{"line":303,"column":5}}},"35":{"name":"(anonymous_35)","decl":{"start":{"line":305,"column":11},"end":{"line":305,"column":19}},"loc":{"start":{"line":305,"column":19},"end":{"line":307,"column":5}}},"36":{"name":"(anonymous_36)","decl":{"start":{"line":309,"column":11},"end":{"line":309,"column":22}},"loc":{"start":{"line":309,"column":22},"end":{"line":311,"column":5}}},"37":{"name":"(anonymous_37)","decl":{"start":{"line":354,"column":2},"end":{"line":354,"column":null}},"loc":{"start":{"line":354,"column":2},"end":{"line":357,"column":3}}},"38":{"name":"(anonymous_38)","decl":{"start":{"line":320,"column":9},"end":{"line":320,"column":12}},"loc":{"start":{"line":320,"column":38},"end":{"line":322,"column":3}}},"39":{"name":"(anonymous_39)","decl":{"start":{"line":324,"column":2},"end":{"line":324,"column":10}},"loc":{"start":{"line":324,"column":10},"end":{"line":326,"column":3}}},"40":{"name":"(anonymous_40)","decl":{"start":{"line":328,"column":2},"end":{"line":328,"column":9}},"loc":{"start":{"line":328,"column":9},"end":{"line":330,"column":3}}},"41":{"name":"(anonymous_41)","decl":{"start":{"line":332,"column":2},"end":{"line":332,"column":5}},"loc":{"start":{"line":332,"column":5},"end":{"line":334,"column":3}}},"42":{"name":"(anonymous_42)","decl":{"start":{"line":336,"column":2},"end":{"line":336,"column":6}},"loc":{"start":{"line":336,"column":17},"end":{"line":338,"column":3}}},"43":{"name":"(anonymous_43)","decl":{"start":{"line":340,"column":2},"end":{"line":340,"column":13}},"loc":{"start":{"line":340,"column":13},"end":{"line":342,"column":3}}},"44":{"name":"(anonymous_44)","decl":{"start":{"line":344,"column":2},"end":{"line":344,"column":12}},"loc":{"start":{"line":344,"column":12},"end":{"line":346,"column":3}}},"45":{"name":"(anonymous_45)","decl":{"start":{"line":348,"column":2},"end":{"line":348,"column":6}},"loc":{"start":{"line":348,"column":6},"end":{"line":350,"column":3}}},"46":{"name":"(anonymous_46)","decl":{"start":{"line":359,"column":9},"end":{"line":359,"column":17}},"loc":{"start":{"line":359,"column":28},"end":{"line":370,"column":3}}},"47":{"name":"(anonymous_47)","decl":{"start":{"line":372,"column":9},"end":{"line":372,"column":16}},"loc":{"start":{"line":372,"column":27},"end":{"line":382,"column":3}}},"48":{"name":"(anonymous_48)","decl":{"start":{"line":384,"column":9},"end":{"line":384,"column":12}},"loc":{"start":{"line":384,"column":39},"end":{"line":413,"column":3}}}},"branchMap":{"0":{"loc":{"start":{"line":17,"column":4},"end":{"line":19,"column":null}},"type":"if","locations":[{"start":{"line":17,"column":4},"end":{"line":19,"column":null}}]},"1":{"loc":{"start":{"line":17,"column":7},"end":{"line":17,"column":30}},"type":"binary-expr","locations":[{"start":{"line":17,"column":7},"end":{"line":17,"column":8}},{"start":{"line":17,"column":12},"end":{"line":17,"column":30}}]},"2":{"loc":{"start":{"line":20,"column":4},"end":{"line":22,"column":null}},"type":"if","locations":[{"start":{"line":20,"column":4},"end":{"line":22,"column":null}}]},"3":{"loc":{"start":{"line":20,"column":7},"end":{"line":20,"column":43}},"type":"binary-expr","locations":[{"start":{"line":20,"column":7},"end":{"line":20,"column":8}},{"start":{"line":20,"column":12},"end":{"line":20,"column":43}}]},"4":{"loc":{"start":{"line":91,"column":4},"end":{"line":93,"column":null}},"type":"if","locations":[{"start":{"line":91,"column":4},"end":{"line":93,"column":null}}]},"5":{"loc":{"start":{"line":91,"column":8},"end":{"line":91,"column":46}},"type":"binary-expr","locations":[{"start":{"line":91,"column":8},"end":{"line":91,"column":18}},{"start":{"line":91,"column":22},"end":{"line":91,"column":46}}]},"6":{"loc":{"start":{"line":104,"column":4},"end":{"line":106,"column":null}},"type":"if","locations":[{"start":{"line":104,"column":4},"end":{"line":106,"column":null}}]},"7":{"loc":{"start":{"line":124,"column":4},"end":{"line":126,"column":null}},"type":"if","locations":[{"start":{"line":124,"column":4},"end":{"line":126,"column":null}}]},"8":{"loc":{"start":{"line":127,"column":4},"end":{"line":132,"column":null}},"type":"if","locations":[{"start":{"line":127,"column":4},"end":{"line":132,"column":null}},{"start":{"line":130,"column":11},"end":{"line":132,"column":null}}]},"9":{"loc":{"start":{"line":137,"column":4},"end":{"line":139,"column":null}},"type":"if","locations":[{"start":{"line":137,"column":4},"end":{"line":139,"column":null}}]},"10":{"loc":{"start":{"line":144,"column":4},"end":{"line":146,"column":null}},"type":"if","locations":[{"start":{"line":144,"column":4},"end":{"line":146,"column":null}}]},"11":{"loc":{"start":{"line":151,"column":4},"end":{"line":153,"column":null}},"type":"if","locations":[{"start":{"line":151,"column":4},"end":{"line":153,"column":null}}]},"12":{"loc":{"start":{"line":157,"column":11},"end":{"line":157,"column":51}},"type":"binary-expr","locations":[{"start":{"line":157,"column":11},"end":{"line":157,"column":34}},{"start":{"line":157,"column":38},"end":{"line":157,"column":51}}]},"13":{"loc":{"start":{"line":161,"column":4},"end":{"line":163,"column":null}},"type":"if","locations":[{"start":{"line":161,"column":4},"end":{"line":163,"column":null}}]},"14":{"loc":{"start":{"line":164,"column":4},"end":{"line":167,"column":null}},"type":"if","locations":[{"start":{"line":164,"column":4},"end":{"line":167,"column":null}}]},"15":{"loc":{"start":{"line":168,"column":4},"end":{"line":170,"column":null}},"type":"if","locations":[{"start":{"line":168,"column":4},"end":{"line":170,"column":null}}]},"16":{"loc":{"start":{"line":190,"column":4},"end":{"line":192,"column":null}},"type":"if","locations":[{"start":{"line":190,"column":4},"end":{"line":192,"column":null}}]},"17":{"loc":{"start":{"line":193,"column":19},"end":{"line":193,"column":45}},"type":"binary-expr","locations":[{"start":{"line":193,"column":19},"end":{"line":193,"column":28}},{"start":{"line":193,"column":32},"end":{"line":193,"column":45}}]},"18":{"loc":{"start":{"line":203,"column":4},"end":{"line":205,"column":null}},"type":"if","locations":[{"start":{"line":203,"column":4},"end":{"line":205,"column":null}}]},"19":{"loc":{"start":{"line":211,"column":4},"end":{"line":216,"column":null}},"type":"if","locations":[{"start":{"line":211,"column":4},"end":{"line":216,"column":null}},{"start":{"line":213,"column":11},"end":{"line":216,"column":null}}]},"20":{"loc":{"start":{"line":221,"column":4},"end":{"line":221,"column":38}},"type":"if","locations":[{"start":{"line":221,"column":4},"end":{"line":221,"column":38}}]},"21":{"loc":{"start":{"line":222,"column":4},"end":{"line":225,"column":null}},"type":"if","locations":[{"start":{"line":222,"column":4},"end":{"line":225,"column":null}}]},"22":{"loc":{"start":{"line":222,"column":8},"end":{"line":222,"column":33}},"type":"binary-expr","locations":[{"start":{"line":222,"column":8},"end":{"line":222,"column":18}},{"start":{"line":222,"column":22},"end":{"line":222,"column":33}}]},"23":{"loc":{"start":{"line":226,"column":4},"end":{"line":229,"column":null}},"type":"if","locations":[{"start":{"line":226,"column":4},"end":{"line":229,"column":null}}]},"24":{"loc":{"start":{"line":226,"column":8},"end":{"line":226,"column":39}},"type":"binary-expr","locations":[{"start":{"line":226,"column":8},"end":{"line":226,"column":14}},{"start":{"line":226,"column":18},"end":{"line":226,"column":39}}]},"25":{"loc":{"start":{"line":233,"column":4},"end":{"line":243,"column":null}},"type":"if","locations":[{"start":{"line":233,"column":4},"end":{"line":243,"column":null}}]},"26":{"loc":{"start":{"line":233,"column":8},"end":{"line":233,"column":39}},"type":"binary-expr","locations":[{"start":{"line":233,"column":8},"end":{"line":233,"column":13}},{"start":{"line":233,"column":17},"end":{"line":233,"column":39}}]},"27":{"loc":{"start":{"line":235,"column":13},"end":{"line":235,"column":47}},"type":"binary-expr","locations":[{"start":{"line":235,"column":13},"end":{"line":235,"column":21}},{"start":{"line":235,"column":25},"end":{"line":235,"column":47}}]},"28":{"loc":{"start":{"line":237,"column":8},"end":{"line":239,"column":null}},"type":"if","locations":[{"start":{"line":237,"column":8},"end":{"line":239,"column":null}}]},"29":{"loc":{"start":{"line":237,"column":12},"end":{"line":237,"column":41}},"type":"binary-expr","locations":[{"start":{"line":237,"column":12},"end":{"line":237,"column":17}},{"start":{"line":237,"column":21},"end":{"line":237,"column":41}}]},"30":{"loc":{"start":{"line":245,"column":4},"end":{"line":247,"column":null}},"type":"if","locations":[{"start":{"line":245,"column":4},"end":{"line":247,"column":null}}]},"31":{"loc":{"start":{"line":362,"column":4},"end":{"line":364,"column":null}},"type":"if","locations":[{"start":{"line":362,"column":4},"end":{"line":364,"column":null}}]},"32":{"loc":{"start":{"line":366,"column":4},"end":{"line":368,"column":null}},"type":"if","locations":[{"start":{"line":366,"column":4},"end":{"line":368,"column":null}}]},"33":{"loc":{"start":{"line":374,"column":4},"end":{"line":380,"column":null}},"type":"if","locations":[{"start":{"line":374,"column":4},"end":{"line":380,"column":null}},{"start":{"line":376,"column":11},"end":{"line":380,"column":null}}]},"34":{"loc":{"start":{"line":385,"column":4},"end":{"line":385,"column":38}},"type":"if","locations":[{"start":{"line":385,"column":4},"end":{"line":385,"column":38}}]},"35":{"loc":{"start":{"line":386,"column":4},"end":{"line":389,"column":null}},"type":"if","locations":[{"start":{"line":386,"column":4},"end":{"line":389,"column":null}}]},"36":{"loc":{"start":{"line":386,"column":8},"end":{"line":386,"column":33}},"type":"binary-expr","locations":[{"start":{"line":386,"column":8},"end":{"line":386,"column":18}},{"start":{"line":386,"column":22},"end":{"line":386,"column":33}}]},"37":{"loc":{"start":{"line":390,"column":4},"end":{"line":393,"column":null}},"type":"if","locations":[{"start":{"line":390,"column":4},"end":{"line":393,"column":null}}]},"38":{"loc":{"start":{"line":390,"column":8},"end":{"line":390,"column":39}},"type":"binary-expr","locations":[{"start":{"line":390,"column":8},"end":{"line":390,"column":14}},{"start":{"line":390,"column":18},"end":{"line":390,"column":39}}]},"39":{"loc":{"start":{"line":397,"column":4},"end":{"line":407,"column":null}},"type":"if","locations":[{"start":{"line":397,"column":4},"end":{"line":407,"column":null}}]},"40":{"loc":{"start":{"line":397,"column":8},"end":{"line":397,"column":39}},"type":"binary-expr","locations":[{"start":{"line":397,"column":8},"end":{"line":397,"column":13}},{"start":{"line":397,"column":17},"end":{"line":397,"column":39}}]},"41":{"loc":{"start":{"line":399,"column":13},"end":{"line":399,"column":47}},"type":"binary-expr","locations":[{"start":{"line":399,"column":13},"end":{"line":399,"column":21}},{"start":{"line":399,"column":25},"end":{"line":399,"column":47}}]},"42":{"loc":{"start":{"line":401,"column":8},"end":{"line":403,"column":null}},"type":"if","locations":[{"start":{"line":401,"column":8},"end":{"line":403,"column":null}}]},"43":{"loc":{"start":{"line":401,"column":12},"end":{"line":401,"column":41}},"type":"binary-expr","locations":[{"start":{"line":401,"column":12},"end":{"line":401,"column":17}},{"start":{"line":401,"column":21},"end":{"line":401,"column":41}}]}},"s":{"0":3,"1":3,"2":3,"3":1,"4":1,"5":1,"6":1,"7":1,"8":0,"9":1,"10":0,"11":0,"12":1,"13":1,"14":1,"15":3,"16":3,"17":1,"18":1,"19":1,"20":3,"21":3,"22":3,"23":4,"24":0,"25":0,"26":3,"27":9,"28":9,"29":9,"30":9,"31":9,"32":1,"33":0,"34":2,"35":1,"36":1,"37":0,"38":0,"39":0,"40":0,"41":0,"42":0,"43":0,"44":0,"45":0,"46":0,"47":0,"48":0,"49":0,"50":0,"51":0,"52":0,"53":0,"54":0,"55":0,"56":0,"57":0,"58":0,"59":0,"60":0,"61":0,"62":0,"63":0,"64":0,"65":0,"66":0,"67":0,"68":0,"69":0,"70":0,"71":0,"72":0,"73":4,"74":1,"75":1,"76":0,"77":1,"78":1,"79":2,"80":1,"81":8,"82":8,"83":8,"84":8,"85":6,"86":8,"87":10,"88":10,"89":0,"90":10,"91":10,"92":10,"93":15,"94":0,"95":15,"96":5,"97":5,"98":10,"99":10,"100":10,"101":0,"102":0,"103":0,"104":0,"105":0,"106":0,"107":0,"108":0,"109":0,"110":0,"111":0,"112":0,"113":0,"114":0,"115":0,"116":6,"117":6,"118":6,"119":6,"120":15,"121":15,"122":6,"123":6,"124":6,"125":15,"126":15,"127":15,"128":21,"129":0,"130":11,"131":3,"132":3,"133":18,"134":18,"135":18,"136":0,"137":0,"138":0,"139":0,"140":0,"141":0,"142":0,"143":0,"144":0,"145":0,"146":0,"147":0,"148":0,"149":0,"150":0,"151":0,"152":0,"153":0,"154":0,"155":0,"156":0,"157":0,"158":0,"159":0,"160":0,"161":0,"162":0,"163":0,"164":0,"165":0,"166":0,"167":0,"168":0,"169":0,"170":0,"171":0,"172":0,"173":0,"174":0,"175":0,"176":0,"177":0,"178":0,"179":0,"180":0,"181":0,"182":0,"183":0,"184":0,"185":0,"186":0,"187":3},"f":{"0":1,"1":1,"2":0,"3":0,"4":1,"5":1,"6":1,"7":3,"8":4,"9":0,"10":0,"11":9,"12":0,"13":2,"14":0,"15":0,"16":0,"17":0,"18":0,"19":0,"20":0,"21":0,"22":0,"23":4,"24":8,"25":10,"26":15,"27":6,"28":6,"29":6,"30":15,"31":21,"32":0,"33":11,"34":18,"35":0,"36":0,"37":0,"38":0,"39":0,"40":0,"41":0,"42":0,"43":0,"44":0,"45":0,"46":0,"47":0,"48":0},"b":{"0":[1],"1":[1,1],"2":[0],"3":[1,1],"4":[1],"5":[9,1],"6":[1],"7":[0],"8":[0,0],"9":[0],"10":[0],"11":[0],"12":[0,0],"13":[0],"14":[0],"15":[0],"16":[0],"17":[3,2],"18":[6],"19":[0,10],"20":[0],"21":[5],"22":[15,10],"23":[10],"24":[10,0],"25":[0],"26":[0,0],"27":[0,0],"28":[0],"29":[0,0],"30":[0],"31":[0],"32":[0],"33":[0,0],"34":[0],"35":[0],"36":[0,0],"37":[0],"38":[0,0],"39":[0],"40":[0,0],"41":[0,0],"42":[0],"43":[0,0]}}
}
