TN:
SF:src/exceptions.ts
FN:2,(anonymous_0)
FN:10,(anonymous_1)
FN:16,(anonymous_2)
FN:22,(anonymous_3)
FN:28,(anonymous_4)
FNF:5
FNH:3
FNDA:4,(anonymous_0)
FNDA:3,(anonymous_1)
FNDA:1,(anonymous_2)
FNDA:0,(anonymous_3)
FNDA:0,(anonymous_4)
DA:1,3
DA:3,4
DA:4,4
DA:5,4
DA:9,3
DA:11,3
DA:15,3
DA:17,1
DA:21,3
DA:23,0
DA:27,3
DA:29,0
LF:12
LH:10
BRDA:10,0,0,0
BRDA:16,1,0,1
BRDA:22,2,0,0
BRDA:28,3,0,0
BRF:4
BRH:1
end_of_record
TN:
SF:src/data-structures/List.ts
FN:7,(anonymous_0)
FN:16,(anonymous_1)
FN:40,(anonymous_2)
FN:48,(anonymous_3)
FN:53,(anonymous_4)
FN:61,(anonymous_5)
FN:66,(anonymous_6)
FN:71,(anonymous_7)
FN:76,(anonymous_8)
FN:80,(anonymous_9)
FN:84,(anonymous_10)
FN:91,(anonymous_11)
FN:102,(anonymous_12)
FN:106,(anonymous_13)
FN:119,(anonymous_14)
FN:123,(anonymous_15)
FNF:16
FNH:1
FNDA:4,(anonymous_0)
FNDA:0,(anonymous_1)
FNDA:0,(anonymous_2)
FNDA:0,(anonymous_3)
FNDA:0,(anonymous_4)
FNDA:0,(anonymous_5)
FNDA:0,(anonymous_6)
FNDA:0,(anonymous_7)
FNDA:0,(anonymous_8)
FNDA:0,(anonymous_9)
FNDA:0,(anonymous_10)
FNDA:0,(anonymous_11)
FNDA:0,(anonymous_12)
FNDA:0,(anonymous_13)
FNDA:0,(anonymous_14)
FNDA:0,(anonymous_15)
DA:1,3
DA:2,3
DA:6,3
DA:8,4
DA:9,3
DA:11,1
DA:17,0
DA:19,0
DA:20,0
DA:22,0
DA:23,0
DA:25,0
DA:26,0
DA:29,0
DA:38,0
DA:41,0
DA:43,0
DA:44,0
DA:49,0
DA:50,0
DA:54,0
DA:55,0
DA:57,0
DA:58,0
DA:62,0
DA:63,0
DA:67,0
DA:68,0
DA:72,0
DA:73,0
DA:77,0
DA:81,0
DA:85,0
DA:86,0
DA:87,0
DA:90,0
DA:92,0
DA:93,0
DA:96,0
DA:97,0
DA:99,0
DA:103,0
DA:107,0
DA:118,3
DA:120,0
DA:124,0
DA:125,0
DA:127,0
DA:128,0
DA:129,0
LF:50
LH:7
BRDA:8,0,0,3
BRDA:8,1,0,4
BRDA:8,1,1,2
BRDA:25,2,0,0
BRDA:43,3,0,0
BRDA:43,4,0,0
BRDA:43,4,1,0
BRDA:54,5,0,0
BRDA:92,6,0,0
BRDA:124,7,0,0
BRF:10
BRH:3
end_of_record
TN:
SF:src/data-structures/collection.ts
FN:10,isCollection
FN:62,(anonymous_1)
FN:66,(anonymous_2)
FN:84,(anonymous_3)
FN:93,(anonymous_4)
FN:97,(anonymous_5)
FN:112,(anonymous_6)
FN:123,(anonymous_7)
FN:127,(anonymous_8)
FN:132,(anonymous_9)
FN:136,(anonymous_10)
FN:142,(anonymous_11)
FN:158,(anonymous_12)
FNF:13
FNH:3
FNDA:2,isCollection
FNDA:0,(anonymous_1)
FNDA:1,(anonymous_2)
FNDA:0,(anonymous_3)
FNDA:0,(anonymous_4)
FNDA:0,(anonymous_5)
FNDA:6,(anonymous_6)
FNDA:0,(anonymous_7)
FNDA:0,(anonymous_8)
FNDA:0,(anonymous_9)
FNDA:0,(anonymous_10)
FNDA:0,(anonymous_11)
FNDA:0,(anonymous_12)
DA:10,3
DA:11,2
DA:12,0
DA:14,2
DA:60,3
DA:63,0
DA:67,1
DA:68,0
DA:70,1
DA:72,1
DA:73,0
DA:76,1
DA:77,1
DA:78,3
DA:85,0
DA:87,0
DA:88,0
DA:89,0
DA:94,0
DA:98,0
DA:100,0
DA:101,0
DA:102,0
DA:103,0
DA:107,0
DA:113,6
DA:115,6
DA:116,6
DA:117,15
DA:120,6
DA:124,0
DA:126,0
DA:128,0
DA:129,0
DA:133,0
DA:143,0
DA:144,0
DA:147,0
DA:148,0
DA:150,0
DA:152,0
DA:153,0
DA:159,0
LF:43
LH:15
BRDA:11,0,0,0
BRDA:67,1,0,0
BRDA:72,2,0,0
BRDA:101,3,0,0
BRDA:129,4,0,0
BRDA:129,4,1,0
BRDA:143,5,0,0
BRDA:152,6,0,0
BRF:8
BRH:0
end_of_record
TN:
SF:src/data-structures/lists/DoublyLinkedList.ts
FN:27,(anonymous_0)
FN:33,(anonymous_1)
FN:46,(anonymous_2)
FN:59,(anonymous_3)
FN:90,(anonymous_4)
FN:94,(anonymous_5)
FN:101,(anonymous_6)
FN:112,(anonymous_7)
FN:125,(anonymous_8)
FN:139,(anonymous_9)
FN:166,(anonymous_10)
FN:178,(anonymous_11)
FNF:12
FNH:0
FNDA:0,(anonymous_0)
FNDA:0,(anonymous_1)
FNDA:0,(anonymous_2)
FNDA:0,(anonymous_3)
FNDA:0,(anonymous_4)
FNDA:0,(anonymous_5)
FNDA:0,(anonymous_6)
FNDA:0,(anonymous_7)
FNDA:0,(anonymous_8)
FNDA:0,(anonymous_9)
FNDA:0,(anonymous_10)
FNDA:0,(anonymous_11)
DA:20,0
DA:28,0
DA:29,0
DA:30,0
DA:34,0
DA:35,0
DA:36,0
DA:37,0
DA:39,0
DA:40,0
DA:41,0
DA:43,0
DA:47,0
DA:48,0
DA:49,0
DA:50,0
DA:52,0
DA:53,0
DA:55,0
DA:56,0
DA:60,0
DA:61,0
DA:62,0
DA:64,0
DA:65,0
DA:66,0
DA:68,0
DA:69,0
DA:70,0
DA:72,0
DA:73,0
DA:74,0
DA:75,0
DA:77,0
DA:78,0
DA:79,0
DA:80,0
DA:82,0
DA:83,0
DA:84,0
DA:86,0
DA:91,0
DA:95,0
DA:96,0
DA:98,0
DA:102,0
DA:103,0
DA:105,0
DA:106,0
DA:107,0
DA:109,0
DA:113,0
DA:114,0
DA:116,0
DA:117,0
DA:118,0
DA:120,0
DA:122,0
DA:126,0
DA:127,0
DA:129,0
DA:130,0
DA:132,0
DA:133,0
DA:134,0
DA:136,0
DA:140,0
DA:141,0
DA:143,0
DA:144,0
DA:145,0
DA:147,0
DA:148,0
DA:149,0
DA:151,0
DA:152,0
DA:153,0
DA:154,0
DA:156,0
DA:157,0
DA:159,0
DA:160,0
DA:163,0
DA:167,0
DA:171,0
DA:179,0
DA:180,0
DA:181,0
LF:88
LH:0
BRDA:36,0,0,0
BRDA:40,1,0,0
BRDA:49,2,0,0
BRDA:49,2,1,0
BRDA:61,3,0,0
BRDA:61,4,0,0
BRDA:61,4,1,0
BRDA:64,5,0,0
BRDA:68,6,0,0
BRDA:74,7,0,0
BRDA:78,8,0,0
BRDA:95,9,0,0
BRDA:102,10,0,0
BRDA:102,11,0,0
BRDA:102,11,1,0
BRDA:106,12,0,0
BRDA:106,12,1,0
BRDA:113,13,0,0
BRDA:116,14,0,0
BRDA:116,14,1,0
BRDA:126,15,0,0
BRDA:126,16,0,0
BRDA:126,16,1,0
BRDA:129,17,0,0
BRDA:132,18,0,0
BRDA:132,19,0,0
BRDA:132,19,1,0
BRDA:140,20,0,0
BRDA:140,21,0,0
BRDA:140,21,1,0
BRDA:143,22,0,0
BRDA:147,23,0,0
BRDA:153,24,0,0
BRDA:156,25,0,0
BRDA:159,26,0,0
BRF:35
BRH:0
end_of_record
TN:
SF:src/data-structures/lists/LinkedList.ts
FN:15,(anonymous_0)
FN:24,(anonymous_1)
FN:27,(anonymous_2)
FN:30,(anonymous_3)
FN:33,(anonymous_4)
FN:37,generator
FN:51,(anonymous_6)
FN:56,(anonymous_7)
FN:62,(anonymous_8)
FN:66,(anonymous_9)
FN:72,(anonymous_10)
FN:86,(anonymous_11)
FN:96,(anonymous_12)
FN:103,(anonymous_13)
FN:110,(anonymous_14)
FN:114,(anonymous_15)
FN:118,(anonymous_16)
FN:122,(anonymous_17)
FN:136,(anonymous_18)
FN:143,(anonymous_19)
FN:150,(anonymous_20)
FN:174,(anonymous_21)
FN:183,(anonymous_22)
FN:187,(anonymous_23)
FN:199,(anonymous_24)
FN:209,(anonymous_25)
FN:220,(anonymous_26)
FN:251,(anonymous_27)
FN:255,generator
FN:269,(anonymous_29)
FN:274,(anonymous_30)
FN:280,(anonymous_31)
FN:284,(anonymous_32)
FN:314,(anonymous_33)
FN:299,(anonymous_34)
FN:305,(anonymous_35)
FN:309,(anonymous_36)
FN:354,(anonymous_37)
FN:320,(anonymous_38)
FN:324,(anonymous_39)
FN:328,(anonymous_40)
FN:332,(anonymous_41)
FN:336,(anonymous_42)
FN:340,(anonymous_43)
FN:344,(anonymous_44)
FN:348,(anonymous_45)
FN:359,(anonymous_46)
FN:372,(anonymous_47)
FN:384,(anonymous_48)
FNF:49
FNH:20
FNDA:1,(anonymous_0)
FNDA:1,(anonymous_1)
FNDA:0,(anonymous_2)
FNDA:0,(anonymous_3)
FNDA:1,(anonymous_4)
FNDA:1,generator
FNDA:1,(anonymous_6)
FNDA:3,(anonymous_7)
FNDA:4,(anonymous_8)
FNDA:0,(anonymous_9)
FNDA:0,(anonymous_10)
FNDA:9,(anonymous_11)
FNDA:0,(anonymous_12)
FNDA:2,(anonymous_13)
FNDA:0,(anonymous_14)
FNDA:0,(anonymous_15)
FNDA:0,(anonymous_16)
FNDA:0,(anonymous_17)
FNDA:0,(anonymous_18)
FNDA:0,(anonymous_19)
FNDA:0,(anonymous_20)
FNDA:0,(anonymous_21)
FNDA:0,(anonymous_22)
FNDA:4,(anonymous_23)
FNDA:8,(anonymous_24)
FNDA:10,(anonymous_25)
FNDA:15,(anonymous_26)
FNDA:6,(anonymous_27)
FNDA:6,generator
FNDA:6,(anonymous_29)
FNDA:15,(anonymous_30)
FNDA:21,(anonymous_31)
FNDA:0,(anonymous_32)
FNDA:11,(anonymous_33)
FNDA:18,(anonymous_34)
FNDA:0,(anonymous_35)
FNDA:0,(anonymous_36)
FNDA:0,(anonymous_37)
FNDA:0,(anonymous_38)
FNDA:0,(anonymous_39)
FNDA:0,(anonymous_40)
FNDA:0,(anonymous_41)
FNDA:0,(anonymous_42)
FNDA:0,(anonymous_43)
FNDA:0,(anonymous_44)
FNDA:0,(anonymous_45)
FNDA:0,(anonymous_46)
FNDA:0,(anonymous_47)
FNDA:0,(anonymous_48)
DA:1,3
DA:2,3
DA:3,3
DA:12,3
DA:13,1
DA:16,1
DA:17,1
DA:18,1
DA:20,1
DA:21,0
DA:25,1
DA:28,0
DA:31,0
DA:34,1
DA:35,1
DA:38,1
DA:39,3
DA:40,3
DA:46,1
DA:52,1
DA:53,1
DA:57,3
DA:58,3
DA:59,3
DA:63,4
DA:67,0
DA:73,0
DA:78,3
DA:87,9
DA:88,9
DA:89,9
DA:90,9
DA:91,9
DA:92,1
DA:97,0
DA:104,2
DA:105,1
DA:107,1
DA:111,0
DA:115,0
DA:119,0
DA:123,0
DA:124,0
DA:125,0
DA:127,0
DA:128,0
DA:129,0
DA:131,0
DA:133,0
DA:137,0
DA:138,0
DA:140,0
DA:144,0
DA:145,0
DA:147,0
DA:151,0
DA:152,0
DA:154,0
DA:155,0
DA:157,0
DA:158,0
DA:159,0
DA:161,0
DA:162,0
DA:164,0
DA:165,0
DA:166,0
DA:168,0
DA:169,0
DA:171,0
DA:175,0
DA:176,0
DA:177,0
DA:184,0
DA:188,4
DA:189,1
DA:190,1
DA:191,0
DA:193,1
DA:194,2
DA:196,1
DA:200,8
DA:201,8
DA:202,8
DA:203,8
DA:204,6
DA:206,8
DA:210,10
DA:211,10
DA:212,0
DA:214,10
DA:215,10
DA:217,10
DA:221,15
DA:222,15
DA:223,5
DA:224,5
DA:226,10
DA:227,10
DA:228,10
DA:230,0
DA:231,0
DA:232,0
DA:233,0
DA:234,0
DA:235,0
DA:236,0
DA:237,0
DA:238,0
DA:240,0
DA:241,0
DA:244,0
DA:245,0
DA:246,0
DA:248,0
DA:252,6
DA:253,6
DA:256,6
DA:257,6
DA:258,15
DA:259,15
DA:264,6
DA:270,6
DA:271,6
DA:275,15
DA:276,15
DA:277,15
DA:281,21
DA:286,0
DA:292,3
DA:300,18
DA:301,18
DA:302,18
DA:306,0
DA:310,0
DA:315,11
DA:319,3
DA:321,0
DA:325,0
DA:329,0
DA:333,0
DA:337,0
DA:341,0
DA:345,0
DA:349,0
DA:355,0
DA:356,0
DA:360,0
DA:361,0
DA:362,0
DA:363,0
DA:365,0
DA:366,0
DA:367,0
DA:369,0
DA:373,0
DA:374,0
DA:375,0
DA:377,0
DA:378,0
DA:379,0
DA:381,0
DA:385,0
DA:386,0
DA:387,0
DA:388,0
DA:390,0
DA:391,0
DA:392,0
DA:394,0
DA:395,0
DA:396,0
DA:397,0
DA:398,0
DA:399,0
DA:400,0
DA:401,0
DA:402,0
DA:404,0
DA:405,0
DA:408,0
DA:409,0
DA:410,0
DA:411,0
DA:412,0
LF:185
LH:75
BRDA:17,0,0,1
BRDA:17,1,0,1
BRDA:17,1,1,1
BRDA:20,2,0,0
BRDA:20,3,0,1
BRDA:20,3,1,1
BRDA:91,4,0,1
BRDA:91,5,0,9
BRDA:91,5,1,1
BRDA:104,6,0,1
BRDA:124,7,0,0
BRDA:127,8,0,0
BRDA:127,8,1,0
BRDA:137,9,0,0
BRDA:144,10,0,0
BRDA:151,11,0,0
BRDA:157,12,0,0
BRDA:157,12,1,0
BRDA:161,13,0,0
BRDA:164,14,0,0
BRDA:168,15,0,0
BRDA:190,16,0,0
BRDA:193,17,0,3
BRDA:193,17,1,2
BRDA:203,18,0,6
BRDA:211,19,0,0
BRDA:211,19,1,10
BRDA:221,20,0,0
BRDA:222,21,0,5
BRDA:222,22,0,15
BRDA:222,22,1,10
BRDA:226,23,0,10
BRDA:226,24,0,10
BRDA:226,24,1,0
BRDA:233,25,0,0
BRDA:233,26,0,0
BRDA:233,26,1,0
BRDA:235,27,0,0
BRDA:235,27,1,0
BRDA:237,28,0,0
BRDA:237,29,0,0
BRDA:237,29,1,0
BRDA:245,30,0,0
BRDA:362,31,0,0
BRDA:366,32,0,0
BRDA:374,33,0,0
BRDA:374,33,1,0
BRDA:385,34,0,0
BRDA:386,35,0,0
BRDA:386,36,0,0
BRDA:386,36,1,0
BRDA:390,37,0,0
BRDA:390,38,0,0
BRDA:390,38,1,0
BRDA:397,39,0,0
BRDA:397,40,0,0
BRDA:397,40,1,0
BRDA:399,41,0,0
BRDA:399,41,1,0
BRDA:401,42,0,0
BRDA:401,43,0,0
BRDA:401,43,1,0
BRF:62
BRH:18
end_of_record
